Added Component: Designator=B1(XH2.54-2P)
Add component. Clean all parameters for all variants
Added Component: Designator=C1(CD4)
Add component. Clean all parameters for all variants
Added Component: Designator=C2(CB1)
Add component. Clean all parameters for all variants
Added Component: Designator=C3(CB1)
Add component. Clean all parameters for all variants
Added Component: Designator=C4(CB1)
Add component. Clean all parameters for all variants
Added Component: Designator=C5(CB1)
Add component. Clean all parameters for all variants
Added Component: Designator=C6(CD4)
Add component. Clean all parameters for all variants
Added Component: Designator=C7(CB1)
Add component. Clean all parameters for all variants
Added Component: Designator=C8(CB1)
Add component. Clean all parameters for all variants
Added Component: Designator=D1(DIODE0.3)
Add component. Clean all parameters for all variants
Added Component: Designator=D2(LED3)
Add component. Clean all parameters for all variants
Added Component: Designator=P1(SIP20)
Add component. Clean all parameters for all variants
Added Component: Designator=P2(SIP20)
Add component. Clean all parameters for all variants
Added Component: Designator=P3(SW6 - 2)
Add component. Clean all parameters for all variants
Added Component: Designator=P4(MICROUSB)
Add component. Clean all parameters for all variants
Added Component: Designator=Q1(8050)
Add component. Clean all parameters for all variants
Added Component: Designator=Q2(8050)
Add component. Clean all parameters for all variants
Added Component: Designator=Q3(8050)
Add component. Clean all parameters for all variants
Added Component: Designator=Q4(8050)
Add component. Clean all parameters for all variants
Added Component: Designator=Q5(8050)
Add component. Clean all parameters for all variants
Added Component: Designator=Q6(8050)
Add component. Clean all parameters for all variants
Added Component: Designator=R1(AXIAL-0.3)
Add component. Clean all parameters for all variants
Added Component: Designator=R2(AXIAL-0.3)
Add component. Clean all parameters for all variants
Added Component: Designator=R3(AXIAL-0.3)
Add component. Clean all parameters for all variants
Added Component: Designator=R4(AXIAL-0.3)
Add component. Clean all parameters for all variants
Added Component: Designator=R5(AXIAL-0.3)
Add component. Clean all parameters for all variants
Added Component: Designator=R6(AXIAL-0.3)
Add component. Clean all parameters for all variants
Added Component: Designator=R7(AXIAL-0.3)
Add component. Clean all parameters for all variants
Added Component: Designator=R8(AXIAL-0.3)
Add component. Clean all parameters for all variants
Added Component: Designator=R9(AXIAL-0.3)
Add component. Clean all parameters for all variants
Added Component: Designator=R10(AXIAL-0.3)
Add component. Clean all parameters for all variants
Added Component: Designator=R11(AXIAL-0.3)
Add component. Clean all parameters for all variants
Added Component: Designator=S1(ANJIAN)
Add component. Clean all parameters for all variants
Added Component: Designator=S2(ANJIAN)
Add component. Clean all parameters for all variants
Added Component: Designator=S3(ANJIAN)
Add component. Clean all parameters for all variants
Added Component: Designator=S4(ANJIAN)
Add component. Clean all parameters for all variants
Added Component: Designator=U1(SO-16)
Add component. Clean all parameters for all variants
Added Component: Designator=U2(DIP40)
Add component. Clean all parameters for all variants
Added Component: Designator=U3(.3684)
Add component. Clean all parameters for all variants
Added Component: Designator=U4(SIP3)
Add component. Clean all parameters for all variants
Added Component: Designator=Y1(JZ)
Add component. Clean all parameters for all variants
Added Component: Designator=Y2(JZ)
Add component. Clean all parameters for all variants
Added Pin To Net: NetName=D+ Pin=P4-3
Added Pin To Net: NetName=D+ Pin=U1-5
Added Net: Name=D+
Added Pin To Net: NetName=D- Pin=P4-2
Added Pin To Net: NetName=D- Pin=U1-6
Added Net: Name=D-
Added Pin To Net: NetName=GND Pin=B1-1
Added Pin To Net: NetName=GND Pin=C1-2
Added Pin To Net: NetName=GND Pin=C2-1
Added Pin To Net: NetName=GND Pin=C3-1
Added Pin To Net: NetName=GND Pin=C4-1
Added Pin To Net: NetName=GND Pin=C5-1
Added Pin To Net: NetName=GND Pin=C7-1
Added Pin To Net: NetName=GND Pin=C8-1
Added Pin To Net: NetName=GND Pin=P1-20
Added Pin To Net: NetName=GND Pin=P4-5
Added Pin To Net: NetName=GND Pin=Q2-3
Added Pin To Net: NetName=GND Pin=R7-1
Added Pin To Net: NetName=GND Pin=S1-2
Added Pin To Net: NetName=GND Pin=S2-2
Added Pin To Net: NetName=GND Pin=S3-2
Added Pin To Net: NetName=GND Pin=U1-1
Added Pin To Net: NetName=GND Pin=U2-20
Added Pin To Net: NetName=GND Pin=U4-1
Added Net: Name=GND
Added Pin To Net: NetName=NetB1_2 Pin=B1-2
Added Pin To Net: NetName=NetB1_2 Pin=Q1-1
Added Net: Name=NetB1_2
Added Pin To Net: NetName=NetC3_2 Pin=C3-2
Added Pin To Net: NetName=NetC3_2 Pin=U1-4
Added Net: Name=NetC3_2
Added Pin To Net: NetName=NetC4_2 Pin=C4-2
Added Pin To Net: NetName=NetC4_2 Pin=U1-7
Added Pin To Net: NetName=NetC4_2 Pin=Y1-2
Added Net: Name=NetC4_2
Added Pin To Net: NetName=NetC5_2 Pin=C5-2
Added Pin To Net: NetName=NetC5_2 Pin=U1-8
Added Pin To Net: NetName=NetC5_2 Pin=Y1-1
Added Net: Name=NetC5_2
Added Pin To Net: NetName=NetD1_2 Pin=D1-2
Added Pin To Net: NetName=NetD1_2 Pin=U1-2
Added Net: Name=NetD1_2
Added Pin To Net: NetName=NetD2_1 Pin=R2-1
Added Net: Name=NetD2_1
Added Pin To Net: NetName=NetQ1_2 Pin=Q1-2
Added Pin To Net: NetName=NetQ1_2 Pin=R4-1
Added Net: Name=NetQ1_2
Added Pin To Net: NetName=NetQ2_1 Pin=Q2-1
Added Pin To Net: NetName=NetQ2_1 Pin=R3-1
Added Pin To Net: NetName=NetQ2_1 Pin=R4-2
Added Net: Name=NetQ2_1
Added Pin To Net: NetName=NetQ2_2 Pin=Q2-2
Added Pin To Net: NetName=NetQ2_2 Pin=R5-1
Added Net: Name=NetQ2_2
Added Pin To Net: NetName=NetQ3_1 Pin=Q3-1
Added Pin To Net: NetName=NetQ3_1 Pin=U3-12
Added Net: Name=NetQ3_1
Added Pin To Net: NetName=NetQ3_2 Pin=Q3-2
Added Pin To Net: NetName=NetQ3_2 Pin=R8-1
Added Net: Name=NetQ3_2
Added Pin To Net: NetName=NetQ4_1 Pin=Q4-1
Added Pin To Net: NetName=NetQ4_1 Pin=U3-9
Added Net: Name=NetQ4_1
Added Pin To Net: NetName=NetQ4_2 Pin=Q4-2
Added Pin To Net: NetName=NetQ4_2 Pin=R9-1
Added Net: Name=NetQ4_2
Added Pin To Net: NetName=NetQ5_1 Pin=Q5-1
Added Pin To Net: NetName=NetQ5_1 Pin=U3-8
Added Net: Name=NetQ5_1
Added Pin To Net: NetName=NetQ5_2 Pin=Q5-2
Added Pin To Net: NetName=NetQ5_2 Pin=R10-1
Added Net: Name=NetQ5_2
Added Pin To Net: NetName=NetQ6_1 Pin=Q6-1
Added Pin To Net: NetName=NetQ6_1 Pin=U3-6
Added Net: Name=NetQ6_1
Added Pin To Net: NetName=NetQ6_2 Pin=Q6-2
Added Pin To Net: NetName=NetQ6_2 Pin=R11-1
Added Net: Name=NetQ6_2
Added Pin To Net: NetName=NetR1_2 Pin=R1-2
Added Pin To Net: NetName=NetR1_2 Pin=U1-3
Added Net: Name=NetR1_2
Added Pin To Net: NetName=RXD Pin=D1-1
Added Pin To Net: NetName=RXD Pin=P1-10
Added Pin To Net: NetName=RXD Pin=U2-10
Added Net: Name=RXD
Added Pin To Net: NetName=TXD Pin=P1-11
Added Pin To Net: NetName=TXD Pin=R1-1
Added Pin To Net: NetName=TXD Pin=U2-11
Added Net: Name=TXD
Added Pin To Net: NetName=U4_1 Pin=P1-1
Added Pin To Net: NetName=U4_1 Pin=R5-2
Added Pin To Net: NetName=U4_1 Pin=U2-1
Added Net: Name=U4_1
Added Pin To Net: NetName=U4_2 Pin=P1-2
Added Pin To Net: NetName=U4_2 Pin=U2-2
Added Net: Name=U4_2
Added Pin To Net: NetName=U4_3 Pin=P1-3
Added Pin To Net: NetName=U4_3 Pin=U2-3
Added Net: Name=U4_3
Added Pin To Net: NetName=U4_4 Pin=P1-4
Added Pin To Net: NetName=U4_4 Pin=U2-4
Added Net: Name=U4_4
Added Pin To Net: NetName=U4_5 Pin=P1-5
Added Pin To Net: NetName=U4_5 Pin=U2-5
Added Net: Name=U4_5
Added Pin To Net: NetName=U4_6 Pin=P1-6
Added Pin To Net: NetName=U4_6 Pin=U2-6
Added Net: Name=U4_6
Added Pin To Net: NetName=U4_7 Pin=P1-7
Added Pin To Net: NetName=U4_7 Pin=R6-1
Added Pin To Net: NetName=U4_7 Pin=U2-7
Added Pin To Net: NetName=U4_7 Pin=U4-2
Added Net: Name=U4_7
Added Pin To Net: NetName=U4_8 Pin=P1-8
Added Pin To Net: NetName=U4_8 Pin=U2-8
Added Net: Name=U4_8
Added Pin To Net: NetName=U4_9 Pin=C6-2
Added Pin To Net: NetName=U4_9 Pin=P1-9
Added Pin To Net: NetName=U4_9 Pin=R7-2
Added Pin To Net: NetName=U4_9 Pin=S4-4
Added Pin To Net: NetName=U4_9 Pin=U2-9
Added Net: Name=U4_9
Added Pin To Net: NetName=U4_12 Pin=P1-12
Added Pin To Net: NetName=U4_12 Pin=U2-12
Added Net: Name=U4_12
Added Pin To Net: NetName=U4_13 Pin=P1-13
Added Pin To Net: NetName=U4_13 Pin=U2-13
Added Net: Name=U4_13
Added Pin To Net: NetName=U4_14 Pin=P1-14
Added Pin To Net: NetName=U4_14 Pin=U2-14
Added Net: Name=U4_14
Added Pin To Net: NetName=U4_15 Pin=P1-15
Added Pin To Net: NetName=U4_15 Pin=S1-1
Added Pin To Net: NetName=U4_15 Pin=U2-15
Added Net: Name=U4_15
Added Pin To Net: NetName=U4_16 Pin=P1-16
Added Pin To Net: NetName=U4_16 Pin=S2-1
Added Pin To Net: NetName=U4_16 Pin=U2-16
Added Net: Name=U4_16
Added Pin To Net: NetName=U4_17 Pin=P1-17
Added Pin To Net: NetName=U4_17 Pin=S3-3
Added Pin To Net: NetName=U4_17 Pin=U2-17
Added Net: Name=U4_17
Added Pin To Net: NetName=U4_18 Pin=C7-2
Added Pin To Net: NetName=U4_18 Pin=P1-18
Added Pin To Net: NetName=U4_18 Pin=U2-18
Added Pin To Net: NetName=U4_18 Pin=Y2-2
Added Net: Name=U4_18
Added Pin To Net: NetName=U4_19 Pin=C8-2
Added Pin To Net: NetName=U4_19 Pin=P1-19
Added Pin To Net: NetName=U4_19 Pin=U2-19
Added Pin To Net: NetName=U4_19 Pin=Y2-1
Added Net: Name=U4_19
Added Pin To Net: NetName=U4_21 Pin=P2-1
Added Pin To Net: NetName=U4_21 Pin=U2-21
Added Net: Name=U4_21
Added Pin To Net: NetName=U4_22 Pin=P2-2
Added Pin To Net: NetName=U4_22 Pin=U2-22
Added Net: Name=U4_22
Added Pin To Net: NetName=U4_23 Pin=P2-3
Added Pin To Net: NetName=U4_23 Pin=U2-23
Added Net: Name=U4_23
Added Pin To Net: NetName=U4_24 Pin=P2-4
Added Pin To Net: NetName=U4_24 Pin=U2-24
Added Net: Name=U4_24
Added Pin To Net: NetName=U4_25 Pin=P2-5
Added Pin To Net: NetName=U4_25 Pin=R8-2
Added Pin To Net: NetName=U4_25 Pin=U2-25
Added Net: Name=U4_25
Added Pin To Net: NetName=U4_26 Pin=P2-6
Added Pin To Net: NetName=U4_26 Pin=R9-2
Added Pin To Net: NetName=U4_26 Pin=U2-26
Added Net: Name=U4_26
Added Pin To Net: NetName=U4_27 Pin=P2-7
Added Pin To Net: NetName=U4_27 Pin=R10-2
Added Pin To Net: NetName=U4_27 Pin=U2-27
Added Net: Name=U4_27
Added Pin To Net: NetName=U4_28 Pin=P2-8
Added Pin To Net: NetName=U4_28 Pin=R11-2
Added Pin To Net: NetName=U4_28 Pin=U2-28
Added Net: Name=U4_28
Added Pin To Net: NetName=U4_29 Pin=P2-9
Added Pin To Net: NetName=U4_29 Pin=U2-29
Added Net: Name=U4_29
Added Pin To Net: NetName=U4_30 Pin=P2-10
Added Pin To Net: NetName=U4_30 Pin=U2-30
Added Net: Name=U4_30
Added Pin To Net: NetName=U4_32 Pin=P2-12
Added Pin To Net: NetName=U4_32 Pin=U2-32
Added Pin To Net: NetName=U4_32 Pin=U3-3
Added Net: Name=U4_32
Added Pin To Net: NetName=U4_33 Pin=P2-13
Added Pin To Net: NetName=U4_33 Pin=U2-33
Added Pin To Net: NetName=U4_33 Pin=U3-5
Added Net: Name=U4_33
Added Pin To Net: NetName=U4_34 Pin=P2-14
Added Pin To Net: NetName=U4_34 Pin=U2-34
Added Pin To Net: NetName=U4_34 Pin=U3-10
Added Net: Name=U4_34
Added Pin To Net: NetName=U4_35 Pin=P2-15
Added Pin To Net: NetName=U4_35 Pin=U2-35
Added Pin To Net: NetName=U4_35 Pin=U3-1
Added Net: Name=U4_35
Added Pin To Net: NetName=U4_36 Pin=P2-16
Added Pin To Net: NetName=U4_36 Pin=U2-36
Added Pin To Net: NetName=U4_36 Pin=U3-2
Added Net: Name=U4_36
Added Pin To Net: NetName=U4_37 Pin=P2-17
Added Pin To Net: NetName=U4_37 Pin=U2-37
Added Pin To Net: NetName=U4_37 Pin=U3-4
Added Net: Name=U4_37
Added Pin To Net: NetName=U4_38 Pin=P2-18
Added Pin To Net: NetName=U4_38 Pin=U2-38
Added Pin To Net: NetName=U4_38 Pin=U3-7
Added Net: Name=U4_38
Added Pin To Net: NetName=U4_39 Pin=P2-19
Added Pin To Net: NetName=U4_39 Pin=U2-39
Added Pin To Net: NetName=U4_39 Pin=U3-11
Added Net: Name=U4_39
Added Pin To Net: NetName=USB+5V Pin=C1-1
Added Pin To Net: NetName=USB+5V Pin=C2-2
Added Pin To Net: NetName=USB+5V Pin=P3-2
Added Pin To Net: NetName=USB+5V Pin=P4-1
Added Pin To Net: NetName=USB+5V Pin=R2-2
Added Pin To Net: NetName=USB+5V Pin=U1-9
Added Net: Name=USB+5V
Added Pin To Net: NetName=VCC Pin=C6-1
Added Pin To Net: NetName=VCC Pin=P2-11
Added Pin To Net: NetName=VCC Pin=P2-20
Added Pin To Net: NetName=VCC Pin=P3-4
Added Pin To Net: NetName=VCC Pin=Q1-3
Added Pin To Net: NetName=VCC Pin=Q3-3
Added Pin To Net: NetName=VCC Pin=Q4-3
Added Pin To Net: NetName=VCC Pin=Q5-3
Added Pin To Net: NetName=VCC Pin=Q6-3
Added Pin To Net: NetName=VCC Pin=R3-2
Added Pin To Net: NetName=VCC Pin=R6-2
Added Pin To Net: NetName=VCC Pin=S4-3
Added Pin To Net: NetName=VCC Pin=U2-31
Added Pin To Net: NetName=VCC Pin=U2-40
Added Pin To Net: NetName=VCC Pin=U4-3
Added Net: Name=VCC
