Change Component Parameter Library Name in B1 Old=Miscellaneous Devices.IntLib New=SMH118.SchLib
Change Component Parameter Library Name in C1 Old=Miscellaneous Devices.IntLib New=SMH118.SchLib
Change Component Parameter Library Name in C2 Old=Miscellaneous Devices.IntLib New=SMH118.SchLib
Change Component Parameter Library Name in C3 Old=Miscellaneous Devices.IntLib New=SMH118.SchLib
Change Component Parameter Library Name in C4 Old=Miscellaneous Devices.IntLib New=SMH118.SchLib
Change Component Parameter Library Name in C5 Old=Miscellaneous Devices.IntLib New=SMH118.SchLib
Change Component Parameter Library Name in C6 Old=Miscellaneous Devices.IntLib New=SMH118.SchLib
Change Component Parameter Library Name in C7 Old=Miscellaneous Devices.IntLib New=SMH118.SchLib
Change Component Parameter Library Name in C8 Old=Miscellaneous Devices.IntLib New=SMH118.SchLib
Change Component Parameter Library Name in D2 Old=Miscellaneous Devices.IntLib New=SMH118.SchLib
Change Component Parameter Footprint in P1 Old=HDR1X20 New=SIP20
Change Component Parameter Library Name in P1 Old=Miscellaneous Connectors.IntLib New=SMH118.SchLib
Change Component Parameter Footprint in P2 Old=HDR1X20 New=SIP20
Change Component Parameter Library Name in P2 Old=Miscellaneous Connectors.IntLib New=SMH118.SchLib
Change Component Parameter Library Name in P3 Old=Miscellaneous Connectors.IntLib New=SMH118.SchLib
Change Component Parameter Library Name in P4 Old=Miscellaneous Connectors.IntLib New=SMH118.SchLib
Change Component Parameter Library Name in Q1 Old=Miscellaneous Devices.IntLib New=SMH118.SchLib
Change Component Parameter Library Name in Q2 Old=Miscellaneous Devices.IntLib New=SMH118.SchLib
Change Component Parameter Library Name in Q3 Old=Miscellaneous Devices.IntLib New=SMH118.SchLib
Change Component Parameter Library Name in Q4 Old=Miscellaneous Devices.IntLib New=SMH118.SchLib
Change Component Parameter Library Name in Q5 Old=Miscellaneous Devices.IntLib New=SMH118.SchLib
Change Component Parameter Library Name in Q6 Old=Miscellaneous Devices.IntLib New=SMH118.SchLib
Change Component Parameter Library Name in R1 Old=Miscellaneous Devices.IntLib New=SMH118.SchLib
Change Component Parameter Library Name in R2 Old=Miscellaneous Devices.IntLib New=SMH118.SchLib
Change Component Parameter Library Name in R3 Old=Miscellaneous Devices.IntLib New=SMH118.SchLib
Change Component Parameter Library Name in R4 Old=Miscellaneous Devices.IntLib New=SMH118.SchLib
Change Component Parameter Library Name in R5 Old=Miscellaneous Devices.IntLib New=SMH118.SchLib
Change Component Parameter Library Name in R6 Old=Miscellaneous Devices.IntLib New=SMH118.SchLib
Change Component Parameter Library Name in R7 Old=Miscellaneous Devices.IntLib New=SMH118.SchLib
Change Component Parameter Library Name in R8 Old=Miscellaneous Devices.IntLib New=SMH118.SchLib
Change Component Parameter Library Name in R9 Old=Miscellaneous Devices.IntLib New=SMH118.SchLib
Change Component Parameter Library Name in R10 Old=Miscellaneous Devices.IntLib New=SMH118.SchLib
Change Component Parameter Library Name in R11 Old=Miscellaneous Devices.IntLib New=SMH118.SchLib
Change Component Parameter Library Name in S1 Old=Miscellaneous Devices.IntLib New=SMH118.SchLib
Change Component Parameter Library Name in S2 Old=Miscellaneous Devices.IntLib New=SMH118.SchLib
Change Component Parameter Library Name in S3 Old=Miscellaneous Devices.IntLib New=SMH118.SchLib
Change Component Parameter Library Name in S4 Old=Miscellaneous Devices.IntLib New=SMH118.SchLib
Change Component Parameter Library Name in Y1 Old=Miscellaneous Devices.IntLib New=SMH118.SchLib
Change Component Parameter Library Name in Y2 Old=Miscellaneous Devices.IntLib New=SMH118.SchLib
