Replace Part B1 Motor in C:\Users\simon\Downloads\PCBClassDesign\SMH118_ClassDesign\SMH118.SchDoc with Motor from Miscellaneous Devices.IntLib
Replace Part C1 Cap Pol1 in C:\Users\simon\Downloads\PCBClassDesign\SMH118_ClassDesign\SMH118.SchDoc with Cap Pol1 from Miscellaneous Devices.IntLib
Replace Part C2 Cap in C:\Users\simon\Downloads\PCBClassDesign\SMH118_ClassDesign\SMH118.SchDoc with Cap from Miscellaneous Devices.IntLib
Replace Part C3 Cap in C:\Users\simon\Downloads\PCBClassDesign\SMH118_ClassDesign\SMH118.SchDoc with Cap from Miscellaneous Devices.IntLib
Replace Part C4 Cap in C:\Users\simon\Downloads\PCBClassDesign\SMH118_ClassDesign\SMH118.SchDoc with Cap from Miscellaneous Devices.IntLib
Replace Part C5 Cap in C:\Users\simon\Downloads\PCBClassDesign\SMH118_ClassDesign\SMH118.SchDoc with Cap from Miscellaneous Devices.IntLib
Replace Part C6 Cap Pol1 in C:\Users\simon\Downloads\PCBClassDesign\SMH118_ClassDesign\SMH118.SchDoc with Cap Pol1 from Miscellaneous Devices.IntLib
Replace Part C7 Cap in C:\Users\simon\Downloads\PCBClassDesign\SMH118_ClassDesign\SMH118.SchDoc with Cap from Miscellaneous Devices.IntLib
Replace Part C8 Cap in C:\Users\simon\Downloads\PCBClassDesign\SMH118_ClassDesign\SMH118.SchDoc with Cap from Miscellaneous Devices.IntLib
Replace Part D1 Diode 1N4148 in C:\Users\simon\Downloads\PCBClassDesign\SMH118_ClassDesign\SMH118.SchDoc with Diode 1N4148 from Miscellaneous Devices.IntLib
Replace Part D2 LED0 in C:\Users\simon\Downloads\PCBClassDesign\SMH118_ClassDesign\SMH118.SchDoc with LED0 from Miscellaneous Devices.IntLib
Replace Part P1 Header 20 in C:\Users\simon\Downloads\PCBClassDesign\SMH118_ClassDesign\SMH118.SchDoc with Header 20 from Miscellaneous Connectors.IntLib
Replace Part P2 Header 20 in C:\Users\simon\Downloads\PCBClassDesign\SMH118_ClassDesign\SMH118.SchDoc with Header 20 from Miscellaneous Connectors.IntLib
Replace Part P3 Header 3X2 in C:\Users\simon\Downloads\PCBClassDesign\SMH118_ClassDesign\SMH118.SchDoc with Header 3X2 from Miscellaneous Connectors.IntLib
Replace Part P4 Header 5 in C:\Users\simon\Downloads\PCBClassDesign\SMH118_ClassDesign\SMH118.SchDoc with Header 5 from Miscellaneous Connectors.IntLib
Replace Part Q1 PNP in C:\Users\simon\Downloads\PCBClassDesign\SMH118_ClassDesign\SMH118.SchDoc with PNP from Miscellaneous Devices.IntLib
Replace Part Q2 NPN in C:\Users\simon\Downloads\PCBClassDesign\SMH118_ClassDesign\SMH118.SchDoc with NPN from Miscellaneous Devices.IntLib
Replace Part Q3 PNP in C:\Users\simon\Downloads\PCBClassDesign\SMH118_ClassDesign\SMH118.SchDoc with PNP from Miscellaneous Devices.IntLib
Replace Part Q4 PNP in C:\Users\simon\Downloads\PCBClassDesign\SMH118_ClassDesign\SMH118.SchDoc with PNP from Miscellaneous Devices.IntLib
Replace Part Q5 PNP in C:\Users\simon\Downloads\PCBClassDesign\SMH118_ClassDesign\SMH118.SchDoc with PNP from Miscellaneous Devices.IntLib
Replace Part Q6 PNP in C:\Users\simon\Downloads\PCBClassDesign\SMH118_ClassDesign\SMH118.SchDoc with PNP from Miscellaneous Devices.IntLib
Replace Part R1 Res2 in C:\Users\simon\Downloads\PCBClassDesign\SMH118_ClassDesign\SMH118.SchDoc with Res2 from Miscellaneous Devices.IntLib
Replace Part R2 Res2 in C:\Users\simon\Downloads\PCBClassDesign\SMH118_ClassDesign\SMH118.SchDoc with Res2 from Miscellaneous Devices.IntLib
Replace Part R3 Res2 in C:\Users\simon\Downloads\PCBClassDesign\SMH118_ClassDesign\SMH118.SchDoc with Res2 from Miscellaneous Devices.IntLib
Replace Part R4 Res2 in C:\Users\simon\Downloads\PCBClassDesign\SMH118_ClassDesign\SMH118.SchDoc with Res2 from Miscellaneous Devices.IntLib
Replace Part R5 Res2 in C:\Users\simon\Downloads\PCBClassDesign\SMH118_ClassDesign\SMH118.SchDoc with Res2 from Miscellaneous Devices.IntLib
Replace Part R6 Res2 in C:\Users\simon\Downloads\PCBClassDesign\SMH118_ClassDesign\SMH118.SchDoc with Res2 from Miscellaneous Devices.IntLib
Replace Part R7 Res2 in C:\Users\simon\Downloads\PCBClassDesign\SMH118_ClassDesign\SMH118.SchDoc with Res2 from Miscellaneous Devices.IntLib
Replace Part R8 Res2 in C:\Users\simon\Downloads\PCBClassDesign\SMH118_ClassDesign\SMH118.SchDoc with Res2 from Miscellaneous Devices.IntLib
Replace Part R9 Res2 in C:\Users\simon\Downloads\PCBClassDesign\SMH118_ClassDesign\SMH118.SchDoc with Res2 from Miscellaneous Devices.IntLib
Replace Part R10 Res2 in C:\Users\simon\Downloads\PCBClassDesign\SMH118_ClassDesign\SMH118.SchDoc with Res2 from Miscellaneous Devices.IntLib
Replace Part R11 Res2 in C:\Users\simon\Downloads\PCBClassDesign\SMH118_ClassDesign\SMH118.SchDoc with Res2 from Miscellaneous Devices.IntLib
Replace Part S1 SW-DPST in C:\Users\simon\Downloads\PCBClassDesign\SMH118_ClassDesign\SMH118.SchDoc with SW-DPST from Miscellaneous Devices.IntLib
Replace Part S2 SW-DPST in C:\Users\simon\Downloads\PCBClassDesign\SMH118_ClassDesign\SMH118.SchDoc with SW-DPST from Miscellaneous Devices.IntLib
Replace Part S3 SW-DPST in C:\Users\simon\Downloads\PCBClassDesign\SMH118_ClassDesign\SMH118.SchDoc with SW-DPST from Miscellaneous Devices.IntLib
Replace Part S4 SW-DPST in C:\Users\simon\Downloads\PCBClassDesign\SMH118_ClassDesign\SMH118.SchDoc with SW-DPST from Miscellaneous Devices.IntLib
Replace Part U1 CH340G in C:\Users\simon\Downloads\PCBClassDesign\SMH118_ClassDesign\SMH118.SchDoc with CH340G from SMH118.SchLib
Replace Part U2 89C51/52 in C:\Users\simon\Downloads\PCBClassDesign\SMH118_ClassDesign\SMH118.SchDoc with 89C51/52 from SMH118.SchLib
Replace Part U3 4-LED in C:\Users\simon\Downloads\PCBClassDesign\SMH118_ClassDesign\SMH118.SchDoc with 4-LED from SMH118.SchLib
Replace Part U4 DS18B20 in C:\Users\simon\Downloads\PCBClassDesign\SMH118_ClassDesign\SMH118.SchDoc with DS18B20 from SMH118.SchLib
Replace Part Y1 XTAL in C:\Users\simon\Downloads\PCBClassDesign\SMH118_ClassDesign\SMH118.SchDoc with XTAL from Miscellaneous Devices.IntLib
Replace Part Y2 XTAL in C:\Users\simon\Downloads\PCBClassDesign\SMH118_ClassDesign\SMH118.SchDoc with XTAL from Miscellaneous Devices.IntLib
